0 info it worked if it ends with ok
1 verbose cli [ '/usr/local/bin/node',
1 verbose cli   '/usr/local/bin/npm',
1 verbose cli   'install',
1 verbose cli   'jquery' ]
2 info using npm@4.0.5
3 info using node@v7.4.0
4 silly loadCurrentTree Starting
5 silly install loadCurrentTree
6 silly install readLocalPackageData
7 silly fetchPackageMetaData jquery
8 silly fetchNamedPackageData jquery
9 silly mapToRegistry name jquery
10 silly mapToRegistry using default registry
11 silly mapToRegistry registry https://registry.npmjs.org/
12 silly mapToRegistry data Result {
12 silly mapToRegistry   raw: 'jquery',
12 silly mapToRegistry   scope: null,
12 silly mapToRegistry   escapedName: 'jquery',
12 silly mapToRegistry   name: 'jquery',
12 silly mapToRegistry   rawSpec: '',
12 silly mapToRegistry   spec: 'latest',
12 silly mapToRegistry   type: 'tag' }
13 silly mapToRegistry uri https://registry.npmjs.org/jquery
14 verbose request uri https://registry.npmjs.org/jquery
15 verbose request no auth needed
16 info attempt registry request try #1 at 5:46:19 PM
17 verbose request id 39682b4b9179747e
18 verbose etag W/"58756a0e-14877"
19 verbose lastModified Tue, 10 Jan 2017 23:11:10 GMT
20 http request GET https://registry.npmjs.org/jquery
21 http 200 https://registry.npmjs.org/jquery
22 verbose headers { server: 'nginx/1.10.1',
22 verbose headers   'content-type': 'application/json',
22 verbose headers   'last-modified': 'Sun, 22 Jan 2017 02:51:49 GMT',
22 verbose headers   etag: 'W/"58841e45-148a9"',
22 verbose headers   'content-encoding': 'gzip',
22 verbose headers   'cache-control': 'max-age=300',
22 verbose headers   'content-length': '9966',
22 verbose headers   'accept-ranges': 'bytes',
22 verbose headers   date: 'Mon, 23 Jan 2017 01:46:20 GMT',
22 verbose headers   via: '1.1 varnish',
22 verbose headers   age: '295',
22 verbose headers   connection: 'keep-alive',
22 verbose headers   'x-served-by': 'cache-sjc3633-SJC',
22 verbose headers   'x-cache': 'HIT',
22 verbose headers   'x-cache-hits': '3',
22 verbose headers   'x-timer': 'S1485135980.131275,VS0,VE0',
22 verbose headers   vary: 'Accept-Encoding' }
23 silly get cb [ 200,
23 silly get   { server: 'nginx/1.10.1',
23 silly get     'content-type': 'application/json',
23 silly get     'last-modified': 'Sun, 22 Jan 2017 02:51:49 GMT',
23 silly get     etag: 'W/"58841e45-148a9"',
23 silly get     'content-encoding': 'gzip',
23 silly get     'cache-control': 'max-age=300',
23 silly get     'content-length': '9966',
23 silly get     'accept-ranges': 'bytes',
23 silly get     date: 'Mon, 23 Jan 2017 01:46:20 GMT',
23 silly get     via: '1.1 varnish',
23 silly get     age: '295',
23 silly get     connection: 'keep-alive',
23 silly get     'x-served-by': 'cache-sjc3633-SJC',
23 silly get     'x-cache': 'HIT',
23 silly get     'x-cache-hits': '3',
23 silly get     'x-timer': 'S1485135980.131275,VS0,VE0',
23 silly get     vary: 'Accept-Encoding' } ]
24 verbose get saving jquery to /Users/isaacyoon/.npm/registry.npmjs.org/jquery/.cache.json
25 verbose correctMkdir /Users/isaacyoon/.npm correctMkdir not in flight; initializing
26 silly install normalizeTree
27 silly loadCurrentTree Finishing
28 silly loadIdealTree Starting
29 silly install loadIdealTree
30 silly cloneCurrentTree Starting
31 silly install cloneCurrentTreeToIdealTree
32 silly cloneCurrentTree Finishing
33 silly loadShrinkwrap Starting
34 silly install loadShrinkwrap
35 silly loadShrinkwrap Finishing
36 silly loadAllDepsIntoIdealTree Starting
37 silly install loadAllDepsIntoIdealTree
38 silly resolveWithNewModule jquery@3.1.1 checking installable status
39 silly cache add args [ 'jquery', null ]
40 verbose cache add spec jquery
41 silly cache add parsed spec Result {
41 silly cache add   raw: 'jquery',
41 silly cache add   scope: null,
41 silly cache add   escapedName: 'jquery',
41 silly cache add   name: 'jquery',
41 silly cache add   rawSpec: '',
41 silly cache add   spec: 'latest',
41 silly cache add   type: 'tag' }
42 silly addNamed jquery@latest
43 verbose addNamed "latest" is being treated as a dist-tag for jquery
44 info addNameTag [ 'jquery', 'latest' ]
45 silly mapToRegistry name jquery
46 silly mapToRegistry using default registry
47 silly mapToRegistry registry https://registry.npmjs.org/
48 silly mapToRegistry data Result {
48 silly mapToRegistry   raw: 'jquery',
48 silly mapToRegistry   scope: null,
48 silly mapToRegistry   escapedName: 'jquery',
48 silly mapToRegistry   name: 'jquery',
48 silly mapToRegistry   rawSpec: '',
48 silly mapToRegistry   spec: 'latest',
48 silly mapToRegistry   type: 'tag' }
49 silly mapToRegistry uri https://registry.npmjs.org/jquery
50 verbose addNameTag registry:https://registry.npmjs.org/jquery not in flight; fetching
51 verbose get https://registry.npmjs.org/jquery not expired, no request
52 silly addNameTag next cb for jquery with tag latest
53 silly addNamed jquery@3.1.1
54 verbose addNamed "3.1.1" is a plain semver version for jquery
55 silly mapToRegistry name jquery
56 silly mapToRegistry using default registry
57 silly mapToRegistry registry https://registry.npmjs.org/
58 silly mapToRegistry data Result {
58 silly mapToRegistry   raw: 'jquery',
58 silly mapToRegistry   scope: null,
58 silly mapToRegistry   escapedName: 'jquery',
58 silly mapToRegistry   name: 'jquery',
58 silly mapToRegistry   rawSpec: '',
58 silly mapToRegistry   spec: 'latest',
58 silly mapToRegistry   type: 'tag' }
59 silly mapToRegistry uri https://registry.npmjs.org/jquery
60 verbose addRemoteTarball https://registry.npmjs.org/jquery/-/jquery-3.1.1.tgz not in flight; adding
61 verbose addRemoteTarball [ 'https://registry.npmjs.org/jquery/-/jquery-3.1.1.tgz',
61 verbose addRemoteTarball   '347c1c21c7e004115e0a4da32cece041fad3c8a3' ]
62 info retry fetch attempt 1 at 5:46:20 PM
63 info attempt registry request try #1 at 5:46:20 PM
64 http fetch GET https://registry.npmjs.org/jquery/-/jquery-3.1.1.tgz
65 http fetch 200 https://registry.npmjs.org/jquery/-/jquery-3.1.1.tgz
66 silly fetchAndShaCheck shasum 347c1c21c7e004115e0a4da32cece041fad3c8a3
67 verbose addTmpTarball /var/folders/60/94_9_5857q70xtw8l5k6sv4r0000gn/T/npm-95508-21cad910/registry.npmjs.org/jquery/-/jquery-3.1.1.tgz not in flight; adding
68 verbose addTmpTarball already have metadata; skipping unpack for jquery@3.1.1
69 verbose correctMkdir /Users/isaacyoon/.npm correctMkdir not in flight; initializing
70 silly cache afterAdd jquery@3.1.1
71 verbose afterAdd /Users/isaacyoon/.npm/jquery/3.1.1/package/package.json not in flight; writing
72 verbose correctMkdir /Users/isaacyoon/.npm correctMkdir not in flight; initializing
73 verbose afterAdd /Users/isaacyoon/.npm/jquery/3.1.1/package/package.json written
74 silly loadAllDepsIntoIdealTree Finishing
75 silly loadIdealTree Finishing
76 silly currentTree client@1.0.0
76 silly currentTree ├── accepts@1.3.3
76 silly currentTree ├── acorn@3.3.0
76 silly currentTree ├── align-text@0.1.4
76 silly currentTree ├── amdefine@1.0.1
76 silly currentTree ├── ansi-regex@2.1.1
76 silly currentTree ├── ansi-styles@2.2.1
76 silly currentTree ├── anymatch@1.3.0
76 silly currentTree ├── arr-diff@2.0.0
76 silly currentTree ├── arr-flatten@1.0.1
76 silly currentTree ├── array-flatten@1.1.1
76 silly currentTree ├── array-unique@0.2.1
76 silly currentTree ├── arrify@1.0.1
76 silly currentTree ├── asap@2.0.5
76 silly currentTree ├── assert@1.4.1
76 silly currentTree ├── async-each@1.0.1
76 silly currentTree ├── async@1.5.2
76 silly currentTree ├── babel-code-frame@6.22.0
76 silly currentTree ├── babel-core@6.22.1
76 silly currentTree ├── babel-generator@6.22.0
76 silly currentTree ├── babel-helper-builder-react-jsx@6.22.0
76 silly currentTree ├── babel-helper-call-delegate@6.22.0
76 silly currentTree ├── babel-helper-define-map@6.22.0
76 silly currentTree ├── babel-helper-function-name@6.22.0
76 silly currentTree ├── babel-helper-get-function-arity@6.22.0
76 silly currentTree ├── babel-helper-hoist-variables@6.22.0
76 silly currentTree ├── babel-helper-optimise-call-expression@6.22.0
76 silly currentTree ├── babel-helper-regex@6.22.0
76 silly currentTree ├── babel-helper-replace-supers@6.22.0
76 silly currentTree ├── babel-helpers@6.22.0
76 silly currentTree ├── babel-loader@6.2.10
76 silly currentTree ├── babel-messages@6.22.0
76 silly currentTree ├── babel-plugin-check-es2015-constants@6.22.0
76 silly currentTree ├── babel-plugin-syntax-flow@6.18.0
76 silly currentTree ├── babel-plugin-syntax-jsx@6.18.0
76 silly currentTree ├── babel-plugin-transform-es2015-arrow-functions@6.22.0
76 silly currentTree ├── babel-plugin-transform-es2015-block-scoped-functions@6.22.0
76 silly currentTree ├── babel-plugin-transform-es2015-block-scoping@6.22.0
76 silly currentTree ├── babel-plugin-transform-es2015-classes@6.22.0
76 silly currentTree ├── babel-plugin-transform-es2015-computed-properties@6.22.0
76 silly currentTree ├── babel-plugin-transform-es2015-destructuring@6.22.0
76 silly currentTree ├── babel-plugin-transform-es2015-duplicate-keys@6.22.0
76 silly currentTree ├── babel-plugin-transform-es2015-for-of@6.22.0
76 silly currentTree ├── babel-plugin-transform-es2015-function-name@6.22.0
76 silly currentTree ├── babel-plugin-transform-es2015-literals@6.22.0
76 silly currentTree ├── babel-plugin-transform-es2015-modules-amd@6.22.0
76 silly currentTree ├── babel-plugin-transform-es2015-modules-commonjs@6.22.0
76 silly currentTree ├── babel-plugin-transform-es2015-modules-systemjs@6.22.0
76 silly currentTree ├── babel-plugin-transform-es2015-modules-umd@6.22.0
76 silly currentTree ├── babel-plugin-transform-es2015-object-super@6.22.0
76 silly currentTree ├── babel-plugin-transform-es2015-parameters@6.22.0
76 silly currentTree ├── babel-plugin-transform-es2015-shorthand-properties@6.22.0
76 silly currentTree ├── babel-plugin-transform-es2015-spread@6.22.0
76 silly currentTree ├── babel-plugin-transform-es2015-sticky-regex@6.22.0
76 silly currentTree ├── babel-plugin-transform-es2015-template-literals@6.22.0
76 silly currentTree ├── babel-plugin-transform-es2015-typeof-symbol@6.22.0
76 silly currentTree ├── babel-plugin-transform-es2015-unicode-regex@6.22.0
76 silly currentTree ├── babel-plugin-transform-flow-strip-types@6.22.0
76 silly currentTree ├── babel-plugin-transform-react-display-name@6.22.0
76 silly currentTree ├── babel-plugin-transform-react-jsx-self@6.22.0
76 silly currentTree ├── babel-plugin-transform-react-jsx-source@6.22.0
76 silly currentTree ├── babel-plugin-transform-react-jsx@6.22.0
76 silly currentTree ├── babel-plugin-transform-regenerator@6.22.0
76 silly currentTree ├── babel-plugin-transform-strict-mode@6.22.0
76 silly currentTree ├── babel-preset-es2015@6.22.0
76 silly currentTree ├── babel-preset-react@6.22.0
76 silly currentTree ├─┬ babel-register@6.22.0
76 silly currentTree │ └── core-js@2.4.1
76 silly currentTree ├─┬ babel-runtime@6.22.0
76 silly currentTree │ └── core-js@2.4.1
76 silly currentTree ├── babel-template@6.22.0
76 silly currentTree ├── babel-traverse@6.22.1
76 silly currentTree ├── babel-types@6.22.0
76 silly currentTree ├── babylon@6.15.0
76 silly currentTree ├── balanced-match@0.4.2
76 silly currentTree ├── base64-js@1.2.0
76 silly currentTree ├── batch@0.5.3
76 silly currentTree ├── big.js@3.1.3
76 silly currentTree ├── binary-extensions@1.8.0
76 silly currentTree ├── brace-expansion@1.1.6
76 silly currentTree ├── braces@1.8.5
76 silly currentTree ├── browserify-aes@0.4.0
76 silly currentTree ├── browserify-zlib@0.1.4
76 silly currentTree ├── buffer-shims@1.0.0
76 silly currentTree ├── buffer@4.9.1
76 silly currentTree ├── builtin-status-codes@3.0.0
76 silly currentTree ├── bytes@2.3.0
76 silly currentTree ├── camelcase@1.2.1
76 silly currentTree ├── center-align@0.1.3
76 silly currentTree ├─┬ chalk@1.1.3
76 silly currentTree │ └── supports-color@2.0.0
76 silly currentTree ├── chokidar@1.6.1
76 silly currentTree ├─┬ cliui@2.1.0
76 silly currentTree │ └── wordwrap@0.0.2
76 silly currentTree ├── clone@1.0.2
76 silly currentTree ├── commondir@1.0.1
76 silly currentTree ├── compressible@2.0.9
76 silly currentTree ├── compression@1.6.2
76 silly currentTree ├── concat-map@0.0.1
76 silly currentTree ├── connect-history-api-fallback@1.3.0
76 silly currentTree ├── console-browserify@1.1.0
76 silly currentTree ├── constants-browserify@1.0.0
76 silly currentTree ├── content-disposition@0.5.1
76 silly currentTree ├── content-type@1.0.2
76 silly currentTree ├── convert-source-map@1.3.0
76 silly currentTree ├── cookie-signature@1.0.6
76 silly currentTree ├── cookie@0.3.1
76 silly currentTree ├── core-js@1.2.7
76 silly currentTree ├── core-util-is@1.0.2
76 silly currentTree ├── crypto-browserify@3.3.0
76 silly currentTree ├── date-now@0.1.4
76 silly currentTree ├── debug@2.2.0
76 silly currentTree ├── decamelize@1.2.0
76 silly currentTree ├── depd@1.1.0
76 silly currentTree ├── destroy@1.0.4
76 silly currentTree ├── detect-indent@4.0.0
76 silly currentTree ├── domain-browser@1.1.7
76 silly currentTree ├── ee-first@1.1.1
76 silly currentTree ├── emojis-list@2.1.0
76 silly currentTree ├── encodeurl@1.0.1
76 silly currentTree ├── encoding@0.1.12
76 silly currentTree ├─┬ enhanced-resolve@0.9.1
76 silly currentTree │ └── memory-fs@0.2.0
76 silly currentTree ├── errno@0.1.4
76 silly currentTree ├── escape-html@1.0.3
76 silly currentTree ├── escape-string-regexp@1.0.5
76 silly currentTree ├── esutils@2.0.2
76 silly currentTree ├── etag@1.7.0
76 silly currentTree ├── eventemitter3@1.2.0
76 silly currentTree ├── events@1.1.1
76 silly currentTree ├── eventsource@0.1.6
76 silly currentTree ├── expand-brackets@0.1.5
76 silly currentTree ├── expand-range@1.8.2
76 silly currentTree ├── express@4.14.0
76 silly currentTree ├── extglob@0.3.2
76 silly currentTree ├── faye-websocket@0.10.0
76 silly currentTree ├── fbjs@0.8.8
76 silly currentTree ├── filename-regex@2.0.0
76 silly currentTree ├── fill-range@2.2.3
76 silly currentTree ├── finalhandler@0.5.0
76 silly currentTree ├── find-cache-dir@0.1.1
76 silly currentTree ├── find-up@1.1.2
76 silly currentTree ├── for-in@0.1.6
76 silly currentTree ├── for-own@0.1.4
76 silly currentTree ├── forwarded@0.1.0
76 silly currentTree ├── fresh@0.3.0
76 silly currentTree ├─┬ fsevents@1.0.17
76 silly currentTree │ ├── abbrev@1.0.9
76 silly currentTree │ ├── ansi-regex@2.0.0
76 silly currentTree │ ├── ansi-styles@2.2.1
76 silly currentTree │ ├── aproba@1.0.4
76 silly currentTree │ ├── are-we-there-yet@1.1.2
76 silly currentTree │ ├── asn1@0.2.3
76 silly currentTree │ ├── assert-plus@0.2.0
76 silly currentTree │ ├── asynckit@0.4.0
76 silly currentTree │ ├── aws-sign2@0.6.0
76 silly currentTree │ ├── aws4@1.5.0
76 silly currentTree │ ├── balanced-match@0.4.2
76 silly currentTree │ ├── bcrypt-pbkdf@1.0.0
76 silly currentTree │ ├── block-stream@0.0.9
76 silly currentTree │ ├── boom@2.10.1
76 silly currentTree │ ├── brace-expansion@1.1.6
76 silly currentTree │ ├── buffer-shims@1.0.0
76 silly currentTree │ ├── caseless@0.11.0
76 silly currentTree │ ├─┬ chalk@1.1.3
76 silly currentTree │ │ └── supports-color@2.0.0
76 silly currentTree │ ├── code-point-at@1.1.0
76 silly currentTree │ ├── combined-stream@1.0.5
76 silly currentTree │ ├── commander@2.9.0
76 silly currentTree │ ├── concat-map@0.0.1
76 silly currentTree │ ├── console-control-strings@1.1.0
76 silly currentTree │ ├── core-util-is@1.0.2
76 silly currentTree │ ├── cryptiles@2.0.5
76 silly currentTree │ ├─┬ dashdash@1.14.1
76 silly currentTree │ │ └── assert-plus@1.0.0
76 silly currentTree │ ├── debug@2.2.0
76 silly currentTree │ ├── deep-extend@0.4.1
76 silly currentTree │ ├── delayed-stream@1.0.0
76 silly currentTree │ ├── delegates@1.0.0
76 silly currentTree │ ├── ecc-jsbn@0.1.1
76 silly currentTree │ ├── escape-string-regexp@1.0.5
76 silly currentTree │ ├── extend@3.0.0
76 silly currentTree │ ├── extsprintf@1.0.2
76 silly currentTree │ ├── forever-agent@0.6.1
76 silly currentTree │ ├── form-data@2.1.2
76 silly currentTree │ ├── fs.realpath@1.0.0
76 silly currentTree │ ├── fstream-ignore@1.0.5
76 silly currentTree │ ├── fstream@1.0.10
76 silly currentTree │ ├── gauge@2.7.2
76 silly currentTree │ ├── generate-function@2.0.0
76 silly currentTree │ ├── generate-object-property@1.2.0
76 silly currentTree │ ├─┬ getpass@0.1.6
76 silly currentTree │ │ └── assert-plus@1.0.0
76 silly currentTree │ ├── glob@7.1.1
76 silly currentTree │ ├── graceful-fs@4.1.11
76 silly currentTree │ ├── graceful-readlink@1.0.1
76 silly currentTree │ ├── har-validator@2.0.6
76 silly currentTree │ ├── has-ansi@2.0.0
76 silly currentTree │ ├── has-unicode@2.0.1
76 silly currentTree │ ├── hawk@3.1.3
76 silly currentTree │ ├── hoek@2.16.3
76 silly currentTree │ ├── http-signature@1.1.1
76 silly currentTree │ ├── inflight@1.0.6
76 silly currentTree │ ├── inherits@2.0.3
76 silly currentTree │ ├── ini@1.3.4
76 silly currentTree │ ├── is-fullwidth-code-point@1.0.0
76 silly currentTree │ ├── is-my-json-valid@2.15.0
76 silly currentTree │ ├── is-property@1.0.2
76 silly currentTree │ ├── is-typedarray@1.0.0
76 silly currentTree │ ├── isarray@1.0.0
76 silly currentTree │ ├── isstream@0.1.2
76 silly currentTree │ ├── jodid25519@1.0.2
76 silly currentTree │ ├── jsbn@0.1.0
76 silly currentTree │ ├── json-schema@0.2.3
76 silly currentTree │ ├── json-stringify-safe@5.0.1
76 silly currentTree │ ├── jsonpointer@4.0.1
76 silly currentTree │ ├── jsprim@1.3.1
76 silly currentTree │ ├── mime-db@1.25.0
76 silly currentTree │ ├── mime-types@2.1.13
76 silly currentTree │ ├── minimatch@3.0.3
76 silly currentTree │ ├── minimist@0.0.8
76 silly currentTree │ ├── mkdirp@0.5.1
76 silly currentTree │ ├── ms@0.7.1
76 silly currentTree │ ├── node-pre-gyp@0.6.32
76 silly currentTree │ ├── nopt@3.0.6
76 silly currentTree │ ├── npmlog@4.0.2
76 silly currentTree │ ├── number-is-nan@1.0.1
76 silly currentTree │ ├── oauth-sign@0.8.2
76 silly currentTree │ ├── object-assign@4.1.0
76 silly currentTree │ ├── once@1.4.0
76 silly currentTree │ ├── path-is-absolute@1.0.1
76 silly currentTree │ ├── pinkie-promise@2.0.1
76 silly currentTree │ ├── pinkie@2.0.4
76 silly currentTree │ ├── process-nextick-args@1.0.7
76 silly currentTree │ ├── punycode@1.4.1
76 silly currentTree │ ├── qs@6.3.0
76 silly currentTree │ ├─┬ rc@1.1.6
76 silly currentTree │ │ └── minimist@1.2.0
76 silly currentTree │ ├── readable-stream@2.2.2
76 silly currentTree │ ├── request@2.79.0
76 silly currentTree │ ├── rimraf@2.5.4
76 silly currentTree │ ├── semver@5.3.0
76 silly currentTree │ ├── set-blocking@2.0.0
76 silly currentTree │ ├── signal-exit@3.0.2
76 silly currentTree │ ├── sntp@1.0.9
76 silly currentTree │ ├─┬ sshpk@1.10.1
76 silly currentTree │ │ └── assert-plus@1.0.0
76 silly currentTree │ ├── string_decoder@0.10.31
76 silly currentTree │ ├── string-width@1.0.2
76 silly currentTree │ ├── stringstream@0.0.5
76 silly currentTree │ ├── strip-ansi@3.0.1
76 silly currentTree │ ├── strip-json-comments@1.0.4
76 silly currentTree │ ├── supports-color@0.2.0
76 silly currentTree │ ├─┬ tar-pack@3.3.0
76 silly currentTree │ │ ├── once@1.3.3
76 silly currentTree │ │ └── readable-stream@2.1.5
76 silly currentTree │ ├── tar@2.2.1
76 silly currentTree │ ├── tough-cookie@2.3.2
76 silly currentTree │ ├── tunnel-agent@0.4.3
76 silly currentTree │ ├── tweetnacl@0.14.5
76 silly currentTree │ ├── uid-number@0.0.6
76 silly currentTree │ ├── util-deprecate@1.0.2
76 silly currentTree │ ├── uuid@3.0.1
76 silly currentTree │ ├── verror@1.3.6
76 silly currentTree │ ├── wide-align@1.1.0
76 silly currentTree │ ├── wrappy@1.0.2
76 silly currentTree │ └── xtend@4.0.1
76 silly currentTree ├── glob-base@0.3.0
76 silly currentTree ├── glob-parent@2.0.0
76 silly currentTree ├── globals@9.14.0
76 silly currentTree ├── graceful-fs@4.1.11
76 silly currentTree ├── has-ansi@2.0.0
76 silly currentTree ├── has-flag@1.0.0
76 silly currentTree ├── home-or-tmp@2.0.0
76 silly currentTree ├── http-errors@1.5.1
76 silly currentTree ├─┬ http-proxy-middleware@0.17.3
76 silly currentTree │ ├── is-extglob@2.1.1
76 silly currentTree │ └── is-glob@3.1.0
76 silly currentTree ├── http-proxy@1.16.2
76 silly currentTree ├── https-browserify@0.0.1
76 silly currentTree ├── iconv-lite@0.4.15
76 silly currentTree ├── ieee754@1.1.8
76 silly currentTree ├── indexof@0.0.1
76 silly currentTree ├── inherits@2.0.3
76 silly currentTree ├── interpret@0.6.6
76 silly currentTree ├── invariant@2.2.2
76 silly currentTree ├── ipaddr.js@1.2.0
76 silly currentTree ├── is-binary-path@1.0.1
76 silly currentTree ├── is-buffer@1.1.4
76 silly currentTree ├── is-dotfile@1.0.2
76 silly currentTree ├── is-equal-shallow@0.1.3
76 silly currentTree ├── is-extendable@0.1.1
76 silly currentTree ├── is-extglob@1.0.0
76 silly currentTree ├── is-finite@1.0.2
76 silly currentTree ├── is-glob@2.0.1
76 silly currentTree ├── is-number@2.1.0
76 silly currentTree ├── is-posix-bracket@0.1.1
76 silly currentTree ├── is-primitive@2.0.0
76 silly currentTree ├── is-stream@1.1.0
76 silly currentTree ├── isarray@1.0.0
76 silly currentTree ├── isobject@2.1.0
76 silly currentTree ├── isomorphic-fetch@2.2.1
76 silly currentTree ├── js-tokens@3.0.0
76 silly currentTree ├── jsesc@1.3.0
76 silly currentTree ├── json3@3.3.2
76 silly currentTree ├── json5@0.5.1
76 silly currentTree ├── kind-of@3.1.0
76 silly currentTree ├── lazy-cache@1.0.4
76 silly currentTree ├── loader-utils@0.2.16
76 silly currentTree ├── lodash@4.17.4
76 silly currentTree ├── longest@1.0.1
76 silly currentTree ├── loose-envify@1.3.1
76 silly currentTree ├── media-typer@0.3.0
76 silly currentTree ├── memory-fs@0.3.0
76 silly currentTree ├── merge-descriptors@1.0.1
76 silly currentTree ├── methods@1.1.2
76 silly currentTree ├── micromatch@2.3.11
76 silly currentTree ├── mime-db@1.26.0
76 silly currentTree ├── mime-types@2.1.14
76 silly currentTree ├── mime@1.3.4
76 silly currentTree ├── minimatch@3.0.3
76 silly currentTree ├── minimist@0.0.8
76 silly currentTree ├── mkdirp@0.5.1
76 silly currentTree ├── ms@0.7.1
76 silly currentTree ├── nan@2.5.0
76 silly currentTree ├── negotiator@0.6.1
76 silly currentTree ├── node-fetch@1.6.3
76 silly currentTree ├── node-libs-browser@0.7.0
76 silly currentTree ├── normalize-path@2.0.1
76 silly currentTree ├── number-is-nan@1.0.1
76 silly currentTree ├── object-assign@4.1.1
76 silly currentTree ├── object.omit@2.0.1
76 silly currentTree ├── on-finished@2.3.0
76 silly currentTree ├── on-headers@1.0.1
76 silly currentTree ├── open@0.0.5
76 silly currentTree ├── optimist@0.6.1
76 silly currentTree ├─┬ original@1.0.0
76 silly currentTree │ └── url-parse@1.0.5
76 silly currentTree ├── os-browserify@0.2.1
76 silly currentTree ├── os-homedir@1.0.2
76 silly currentTree ├── os-tmpdir@1.0.2
76 silly currentTree ├── pako@0.2.9
76 silly currentTree ├── parse-glob@3.0.4
76 silly currentTree ├── parseurl@1.3.1
76 silly currentTree ├── path-browserify@0.0.0
76 silly currentTree ├── path-exists@2.1.0
76 silly currentTree ├── path-is-absolute@1.0.1
76 silly currentTree ├── path-to-regexp@0.1.7
76 silly currentTree ├── pbkdf2-compat@2.0.1
76 silly currentTree ├── pinkie-promise@2.0.1
76 silly currentTree ├── pinkie@2.0.4
76 silly currentTree ├── pkg-dir@1.0.0
76 silly currentTree ├── preserve@0.2.0
76 silly currentTree ├── private@0.1.6
76 silly currentTree ├── process-nextick-args@1.0.7
76 silly currentTree ├── process@0.11.9
76 silly currentTree ├── promise@7.1.1
76 silly currentTree ├── proxy-addr@1.1.3
76 silly currentTree ├── prr@0.0.0
76 silly currentTree ├── punycode@1.4.1
76 silly currentTree ├── qs@6.2.0
76 silly currentTree ├── querystring-es3@0.2.1
76 silly currentTree ├── querystring@0.2.0
76 silly currentTree ├── querystringify@0.0.4
76 silly currentTree ├── randomatic@1.1.6
76 silly currentTree ├── range-parser@1.2.0
76 silly currentTree ├── react-dom@15.4.2
76 silly currentTree ├── react@15.4.2
76 silly currentTree ├── readable-stream@2.2.2
76 silly currentTree ├── readdirp@2.1.0
76 silly currentTree ├── regenerate@1.3.2
76 silly currentTree ├── regenerator-runtime@0.10.1
76 silly currentTree ├── regenerator-transform@0.9.8
76 silly currentTree ├── regex-cache@0.4.3
76 silly currentTree ├── regexpu-core@2.0.0
76 silly currentTree ├── regjsgen@0.2.0
76 silly currentTree ├─┬ regjsparser@0.1.5
76 silly currentTree │ └── jsesc@0.5.0
76 silly currentTree ├── repeat-element@1.1.2
76 silly currentTree ├── repeat-string@1.6.1
76 silly currentTree ├── repeating@2.0.1
76 silly currentTree ├── requires-port@1.0.0
76 silly currentTree ├── right-align@0.1.3
76 silly currentTree ├── ripemd160@0.2.0
76 silly currentTree ├── send@0.14.1
76 silly currentTree ├── serve-index@1.8.0
76 silly currentTree ├── serve-static@1.11.1
76 silly currentTree ├── set-immediate-shim@1.0.1
76 silly currentTree ├── setimmediate@1.0.5
76 silly currentTree ├── setprototypeof@1.0.2
76 silly currentTree ├── sha.js@2.2.6
76 silly currentTree ├── slash@1.0.0
76 silly currentTree ├─┬ sockjs-client@1.1.1
76 silly currentTree │ └── faye-websocket@0.11.0
76 silly currentTree ├── sockjs@0.3.18
76 silly currentTree ├── source-list-map@0.1.8
76 silly currentTree ├── source-map-support@0.4.10
76 silly currentTree ├── source-map@0.5.6
76 silly currentTree ├── statuses@1.3.1
76 silly currentTree ├── stream-browserify@2.0.1
76 silly currentTree ├── stream-cache@0.0.2
76 silly currentTree ├── stream-http@2.6.3
76 silly currentTree ├── string_decoder@0.10.31
76 silly currentTree ├── strip-ansi@3.0.1
76 silly currentTree ├── supports-color@3.2.3
76 silly currentTree ├── tapable@0.1.10
76 silly currentTree ├── timers-browserify@2.0.2
76 silly currentTree ├── to-arraybuffer@1.0.1
76 silly currentTree ├── to-fast-properties@1.0.2
76 silly currentTree ├── tty-browserify@0.0.0
76 silly currentTree ├── type-is@1.6.14
76 silly currentTree ├── ua-parser-js@0.7.12
76 silly currentTree ├─┬ uglify-js@2.7.5
76 silly currentTree │ └── async@0.2.10
76 silly currentTree ├── uglify-to-browserify@1.0.2
76 silly currentTree ├── unpipe@1.0.0
76 silly currentTree ├── url-parse@1.1.7
76 silly currentTree ├─┬ url@0.11.0
76 silly currentTree │ └── punycode@1.3.2
76 silly currentTree ├── util-deprecate@1.0.2
76 silly currentTree ├─┬ util@0.10.3
76 silly currentTree │ └── inherits@2.0.1
76 silly currentTree ├── utils-merge@1.0.0
76 silly currentTree ├── uuid@2.0.3
76 silly currentTree ├── vary@1.1.0
76 silly currentTree ├── vm-browserify@0.0.4
76 silly currentTree ├─┬ watchpack@0.2.9
76 silly currentTree │ └── async@0.9.2
76 silly currentTree ├─┬ webpack-core@0.6.9
76 silly currentTree │ └── source-map@0.4.4
76 silly currentTree ├─┬ webpack-dev-middleware@1.9.0
76 silly currentTree │ └── memory-fs@0.4.1
76 silly currentTree ├── webpack-dev-server@1.16.2
76 silly currentTree ├── webpack@1.14.0
76 silly currentTree ├── websocket-driver@0.6.5
76 silly currentTree ├── websocket-extensions@0.1.1
76 silly currentTree ├── whatwg-fetch@2.0.2
76 silly currentTree ├── window-size@0.1.0
76 silly currentTree ├── wordwrap@0.0.3
76 silly currentTree ├── xtend@4.0.1
76 silly currentTree └── yargs@3.10.0
77 silly idealTree client@1.0.0
77 silly idealTree ├── accepts@1.3.3
77 silly idealTree ├── acorn@3.3.0
77 silly idealTree ├── align-text@0.1.4
77 silly idealTree ├── amdefine@1.0.1
77 silly idealTree ├── ansi-regex@2.1.1
77 silly idealTree ├── ansi-styles@2.2.1
77 silly idealTree ├── anymatch@1.3.0
77 silly idealTree ├── arr-diff@2.0.0
77 silly idealTree ├── arr-flatten@1.0.1
77 silly idealTree ├── array-flatten@1.1.1
77 silly idealTree ├── array-unique@0.2.1
77 silly idealTree ├── arrify@1.0.1
77 silly idealTree ├── asap@2.0.5
77 silly idealTree ├── assert@1.4.1
77 silly idealTree ├── async-each@1.0.1
77 silly idealTree ├── async@1.5.2
77 silly idealTree ├── babel-code-frame@6.22.0
77 silly idealTree ├── babel-core@6.22.1
77 silly idealTree ├── babel-generator@6.22.0
77 silly idealTree ├── babel-helper-builder-react-jsx@6.22.0
77 silly idealTree ├── babel-helper-call-delegate@6.22.0
77 silly idealTree ├── babel-helper-define-map@6.22.0
77 silly idealTree ├── babel-helper-function-name@6.22.0
77 silly idealTree ├── babel-helper-get-function-arity@6.22.0
77 silly idealTree ├── babel-helper-hoist-variables@6.22.0
77 silly idealTree ├── babel-helper-optimise-call-expression@6.22.0
77 silly idealTree ├── babel-helper-regex@6.22.0
77 silly idealTree ├── babel-helper-replace-supers@6.22.0
77 silly idealTree ├── babel-helpers@6.22.0
77 silly idealTree ├── babel-loader@6.2.10
77 silly idealTree ├── babel-messages@6.22.0
77 silly idealTree ├── babel-plugin-check-es2015-constants@6.22.0
77 silly idealTree ├── babel-plugin-syntax-flow@6.18.0
77 silly idealTree ├── babel-plugin-syntax-jsx@6.18.0
77 silly idealTree ├── babel-plugin-transform-es2015-arrow-functions@6.22.0
77 silly idealTree ├── babel-plugin-transform-es2015-block-scoped-functions@6.22.0
77 silly idealTree ├── babel-plugin-transform-es2015-block-scoping@6.22.0
77 silly idealTree ├── babel-plugin-transform-es2015-classes@6.22.0
77 silly idealTree ├── babel-plugin-transform-es2015-computed-properties@6.22.0
77 silly idealTree ├── babel-plugin-transform-es2015-destructuring@6.22.0
77 silly idealTree ├── babel-plugin-transform-es2015-duplicate-keys@6.22.0
77 silly idealTree ├── babel-plugin-transform-es2015-for-of@6.22.0
77 silly idealTree ├── babel-plugin-transform-es2015-function-name@6.22.0
77 silly idealTree ├── babel-plugin-transform-es2015-literals@6.22.0
77 silly idealTree ├── babel-plugin-transform-es2015-modules-amd@6.22.0
77 silly idealTree ├── babel-plugin-transform-es2015-modules-commonjs@6.22.0
77 silly idealTree ├── babel-plugin-transform-es2015-modules-systemjs@6.22.0
77 silly idealTree ├── babel-plugin-transform-es2015-modules-umd@6.22.0
77 silly idealTree ├── babel-plugin-transform-es2015-object-super@6.22.0
77 silly idealTree ├── babel-plugin-transform-es2015-parameters@6.22.0
77 silly idealTree ├── babel-plugin-transform-es2015-shorthand-properties@6.22.0
77 silly idealTree ├── babel-plugin-transform-es2015-spread@6.22.0
77 silly idealTree ├── babel-plugin-transform-es2015-sticky-regex@6.22.0
77 silly idealTree ├── babel-plugin-transform-es2015-template-literals@6.22.0
77 silly idealTree ├── babel-plugin-transform-es2015-typeof-symbol@6.22.0
77 silly idealTree ├── babel-plugin-transform-es2015-unicode-regex@6.22.0
77 silly idealTree ├── babel-plugin-transform-flow-strip-types@6.22.0
77 silly idealTree ├── babel-plugin-transform-react-display-name@6.22.0
77 silly idealTree ├── babel-plugin-transform-react-jsx-self@6.22.0
77 silly idealTree ├── babel-plugin-transform-react-jsx-source@6.22.0
77 silly idealTree ├── babel-plugin-transform-react-jsx@6.22.0
77 silly idealTree ├── babel-plugin-transform-regenerator@6.22.0
77 silly idealTree ├── babel-plugin-transform-strict-mode@6.22.0
77 silly idealTree ├── babel-preset-es2015@6.22.0
77 silly idealTree ├── babel-preset-react@6.22.0
77 silly idealTree ├─┬ babel-register@6.22.0
77 silly idealTree │ └── core-js@2.4.1
77 silly idealTree ├─┬ babel-runtime@6.22.0
77 silly idealTree │ └── core-js@2.4.1
77 silly idealTree ├── babel-template@6.22.0
77 silly idealTree ├── babel-traverse@6.22.1
77 silly idealTree ├── babel-types@6.22.0
77 silly idealTree ├── babylon@6.15.0
77 silly idealTree ├── balanced-match@0.4.2
77 silly idealTree ├── base64-js@1.2.0
77 silly idealTree ├── batch@0.5.3
77 silly idealTree ├── big.js@3.1.3
77 silly idealTree ├── binary-extensions@1.8.0
77 silly idealTree ├── brace-expansion@1.1.6
77 silly idealTree ├── braces@1.8.5
77 silly idealTree ├── browserify-aes@0.4.0
77 silly idealTree ├── browserify-zlib@0.1.4
77 silly idealTree ├── buffer-shims@1.0.0
77 silly idealTree ├── buffer@4.9.1
77 silly idealTree ├── builtin-status-codes@3.0.0
77 silly idealTree ├── bytes@2.3.0
77 silly idealTree ├── camelcase@1.2.1
77 silly idealTree ├── center-align@0.1.3
77 silly idealTree ├─┬ chalk@1.1.3
77 silly idealTree │ └── supports-color@2.0.0
77 silly idealTree ├── chokidar@1.6.1
77 silly idealTree ├─┬ cliui@2.1.0
77 silly idealTree │ └── wordwrap@0.0.2
77 silly idealTree ├── clone@1.0.2
77 silly idealTree ├── commondir@1.0.1
77 silly idealTree ├── compressible@2.0.9
77 silly idealTree ├── compression@1.6.2
77 silly idealTree ├── concat-map@0.0.1
77 silly idealTree ├── connect-history-api-fallback@1.3.0
77 silly idealTree ├── console-browserify@1.1.0
77 silly idealTree ├── constants-browserify@1.0.0
77 silly idealTree ├── content-disposition@0.5.1
77 silly idealTree ├── content-type@1.0.2
77 silly idealTree ├── convert-source-map@1.3.0
77 silly idealTree ├── cookie-signature@1.0.6
77 silly idealTree ├── cookie@0.3.1
77 silly idealTree ├── core-js@1.2.7
77 silly idealTree ├── core-util-is@1.0.2
77 silly idealTree ├── crypto-browserify@3.3.0
77 silly idealTree ├── date-now@0.1.4
77 silly idealTree ├── debug@2.2.0
77 silly idealTree ├── decamelize@1.2.0
77 silly idealTree ├── depd@1.1.0
77 silly idealTree ├── destroy@1.0.4
77 silly idealTree ├── detect-indent@4.0.0
77 silly idealTree ├── domain-browser@1.1.7
77 silly idealTree ├── ee-first@1.1.1
77 silly idealTree ├── emojis-list@2.1.0
77 silly idealTree ├── encodeurl@1.0.1
77 silly idealTree ├── encoding@0.1.12
77 silly idealTree ├─┬ enhanced-resolve@0.9.1
77 silly idealTree │ └── memory-fs@0.2.0
77 silly idealTree ├── errno@0.1.4
77 silly idealTree ├── escape-html@1.0.3
77 silly idealTree ├── escape-string-regexp@1.0.5
77 silly idealTree ├── esutils@2.0.2
77 silly idealTree ├── etag@1.7.0
77 silly idealTree ├── eventemitter3@1.2.0
77 silly idealTree ├── events@1.1.1
77 silly idealTree ├── eventsource@0.1.6
77 silly idealTree ├── expand-brackets@0.1.5
77 silly idealTree ├── expand-range@1.8.2
77 silly idealTree ├── express@4.14.0
77 silly idealTree ├── extglob@0.3.2
77 silly idealTree ├── faye-websocket@0.10.0
77 silly idealTree ├── fbjs@0.8.8
77 silly idealTree ├── filename-regex@2.0.0
77 silly idealTree ├── fill-range@2.2.3
77 silly idealTree ├── finalhandler@0.5.0
77 silly idealTree ├── find-cache-dir@0.1.1
77 silly idealTree ├── find-up@1.1.2
77 silly idealTree ├── for-in@0.1.6
77 silly idealTree ├── for-own@0.1.4
77 silly idealTree ├── forwarded@0.1.0
77 silly idealTree ├── fresh@0.3.0
77 silly idealTree ├─┬ fsevents@1.0.17
77 silly idealTree │ ├── abbrev@1.0.9
77 silly idealTree │ ├── ansi-regex@2.0.0
77 silly idealTree │ ├── ansi-styles@2.2.1
77 silly idealTree │ ├── aproba@1.0.4
77 silly idealTree │ ├── are-we-there-yet@1.1.2
77 silly idealTree │ ├── asn1@0.2.3
77 silly idealTree │ ├── assert-plus@0.2.0
77 silly idealTree │ ├── asynckit@0.4.0
77 silly idealTree │ ├── aws-sign2@0.6.0
77 silly idealTree │ ├── aws4@1.5.0
77 silly idealTree │ ├── balanced-match@0.4.2
77 silly idealTree │ ├── bcrypt-pbkdf@1.0.0
77 silly idealTree │ ├── block-stream@0.0.9
77 silly idealTree │ ├── boom@2.10.1
77 silly idealTree │ ├── brace-expansion@1.1.6
77 silly idealTree │ ├── buffer-shims@1.0.0
77 silly idealTree │ ├── caseless@0.11.0
77 silly idealTree │ ├─┬ chalk@1.1.3
77 silly idealTree │ │ └── supports-color@2.0.0
77 silly idealTree │ ├── code-point-at@1.1.0
77 silly idealTree │ ├── combined-stream@1.0.5
77 silly idealTree │ ├── commander@2.9.0
77 silly idealTree │ ├── concat-map@0.0.1
77 silly idealTree │ ├── console-control-strings@1.1.0
77 silly idealTree │ ├── core-util-is@1.0.2
77 silly idealTree │ ├── cryptiles@2.0.5
77 silly idealTree │ ├─┬ dashdash@1.14.1
77 silly idealTree │ │ └── assert-plus@1.0.0
77 silly idealTree │ ├── debug@2.2.0
77 silly idealTree │ ├── deep-extend@0.4.1
77 silly idealTree │ ├── delayed-stream@1.0.0
77 silly idealTree │ ├── delegates@1.0.0
77 silly idealTree │ ├── ecc-jsbn@0.1.1
77 silly idealTree │ ├── escape-string-regexp@1.0.5
77 silly idealTree │ ├── extend@3.0.0
77 silly idealTree │ ├── extsprintf@1.0.2
77 silly idealTree │ ├── forever-agent@0.6.1
77 silly idealTree │ ├── form-data@2.1.2
77 silly idealTree │ ├── fs.realpath@1.0.0
77 silly idealTree │ ├── fstream-ignore@1.0.5
77 silly idealTree │ ├── fstream@1.0.10
77 silly idealTree │ ├── gauge@2.7.2
77 silly idealTree │ ├── generate-function@2.0.0
77 silly idealTree │ ├── generate-object-property@1.2.0
77 silly idealTree │ ├─┬ getpass@0.1.6
77 silly idealTree │ │ └── assert-plus@1.0.0
77 silly idealTree │ ├── glob@7.1.1
77 silly idealTree │ ├── graceful-fs@4.1.11
77 silly idealTree │ ├── graceful-readlink@1.0.1
77 silly idealTree │ ├── har-validator@2.0.6
77 silly idealTree │ ├── has-ansi@2.0.0
77 silly idealTree │ ├── has-unicode@2.0.1
77 silly idealTree │ ├── hawk@3.1.3
77 silly idealTree │ ├── hoek@2.16.3
77 silly idealTree │ ├── http-signature@1.1.1
77 silly idealTree │ ├── inflight@1.0.6
77 silly idealTree │ ├── inherits@2.0.3
77 silly idealTree │ ├── ini@1.3.4
77 silly idealTree │ ├── is-fullwidth-code-point@1.0.0
77 silly idealTree │ ├── is-my-json-valid@2.15.0
77 silly idealTree │ ├── is-property@1.0.2
77 silly idealTree │ ├── is-typedarray@1.0.0
77 silly idealTree │ ├── isarray@1.0.0
77 silly idealTree │ ├── isstream@0.1.2
77 silly idealTree │ ├── jodid25519@1.0.2
77 silly idealTree │ ├── jsbn@0.1.0
77 silly idealTree │ ├── json-schema@0.2.3
77 silly idealTree │ ├── json-stringify-safe@5.0.1
77 silly idealTree │ ├── jsonpointer@4.0.1
77 silly idealTree │ ├── jsprim@1.3.1
77 silly idealTree │ ├── mime-db@1.25.0
77 silly idealTree │ ├── mime-types@2.1.13
77 silly idealTree │ ├── minimatch@3.0.3
77 silly idealTree │ ├── minimist@0.0.8
77 silly idealTree │ ├── mkdirp@0.5.1
77 silly idealTree │ ├── ms@0.7.1
77 silly idealTree │ ├── node-pre-gyp@0.6.32
77 silly idealTree │ ├── nopt@3.0.6
77 silly idealTree │ ├── npmlog@4.0.2
77 silly idealTree │ ├── number-is-nan@1.0.1
77 silly idealTree │ ├── oauth-sign@0.8.2
77 silly idealTree │ ├── object-assign@4.1.0
77 silly idealTree │ ├── once@1.4.0
77 silly idealTree │ ├── path-is-absolute@1.0.1
77 silly idealTree │ ├── pinkie-promise@2.0.1
77 silly idealTree │ ├── pinkie@2.0.4
77 silly idealTree │ ├── process-nextick-args@1.0.7
77 silly idealTree │ ├── punycode@1.4.1
77 silly idealTree │ ├── qs@6.3.0
77 silly idealTree │ ├─┬ rc@1.1.6
77 silly idealTree │ │ └── minimist@1.2.0
77 silly idealTree │ ├── readable-stream@2.2.2
77 silly idealTree │ ├── request@2.79.0
77 silly idealTree │ ├── rimraf@2.5.4
77 silly idealTree │ ├── semver@5.3.0
77 silly idealTree │ ├── set-blocking@2.0.0
77 silly idealTree │ ├── signal-exit@3.0.2
77 silly idealTree │ ├── sntp@1.0.9
77 silly idealTree │ ├─┬ sshpk@1.10.1
77 silly idealTree │ │ └── assert-plus@1.0.0
77 silly idealTree │ ├── string_decoder@0.10.31
77 silly idealTree │ ├── string-width@1.0.2
77 silly idealTree │ ├── stringstream@0.0.5
77 silly idealTree │ ├── strip-ansi@3.0.1
77 silly idealTree │ ├── strip-json-comments@1.0.4
77 silly idealTree │ ├── supports-color@0.2.0
77 silly idealTree │ ├─┬ tar-pack@3.3.0
77 silly idealTree │ │ ├── once@1.3.3
77 silly idealTree │ │ └── readable-stream@2.1.5
77 silly idealTree │ ├── tar@2.2.1
77 silly idealTree │ ├── tough-cookie@2.3.2
77 silly idealTree │ ├── tunnel-agent@0.4.3
77 silly idealTree │ ├── tweetnacl@0.14.5
77 silly idealTree │ ├── uid-number@0.0.6
77 silly idealTree │ ├── util-deprecate@1.0.2
77 silly idealTree │ ├── uuid@3.0.1
77 silly idealTree │ ├── verror@1.3.6
77 silly idealTree │ ├── wide-align@1.1.0
77 silly idealTree │ ├── wrappy@1.0.2
77 silly idealTree │ └── xtend@4.0.1
77 silly idealTree ├── glob-base@0.3.0
77 silly idealTree ├── glob-parent@2.0.0
77 silly idealTree ├── globals@9.14.0
77 silly idealTree ├── graceful-fs@4.1.11
77 silly idealTree ├── has-ansi@2.0.0
77 silly idealTree ├── has-flag@1.0.0
77 silly idealTree ├── home-or-tmp@2.0.0
77 silly idealTree ├── http-errors@1.5.1
77 silly idealTree ├─┬ http-proxy-middleware@0.17.3
77 silly idealTree │ ├── is-extglob@2.1.1
77 silly idealTree │ └── is-glob@3.1.0
77 silly idealTree ├── http-proxy@1.16.2
77 silly idealTree ├── https-browserify@0.0.1
77 silly idealTree ├── iconv-lite@0.4.15
77 silly idealTree ├── ieee754@1.1.8
77 silly idealTree ├── indexof@0.0.1
77 silly idealTree ├── inherits@2.0.3
77 silly idealTree ├── interpret@0.6.6
77 silly idealTree ├── invariant@2.2.2
77 silly idealTree ├── ipaddr.js@1.2.0
77 silly idealTree ├── is-binary-path@1.0.1
77 silly idealTree ├── is-buffer@1.1.4
77 silly idealTree ├── is-dotfile@1.0.2
77 silly idealTree ├── is-equal-shallow@0.1.3
77 silly idealTree ├── is-extendable@0.1.1
77 silly idealTree ├── is-extglob@1.0.0
77 silly idealTree ├── is-finite@1.0.2
77 silly idealTree ├── is-glob@2.0.1
77 silly idealTree ├── is-number@2.1.0
77 silly idealTree ├── is-posix-bracket@0.1.1
77 silly idealTree ├── is-primitive@2.0.0
77 silly idealTree ├── is-stream@1.1.0
77 silly idealTree ├── isarray@1.0.0
77 silly idealTree ├── isobject@2.1.0
77 silly idealTree ├── isomorphic-fetch@2.2.1
77 silly idealTree ├── jquery@3.1.1
77 silly idealTree ├── js-tokens@3.0.0
77 silly idealTree ├── jsesc@1.3.0
77 silly idealTree ├── json3@3.3.2
77 silly idealTree ├── json5@0.5.1
77 silly idealTree ├── kind-of@3.1.0
77 silly idealTree ├── lazy-cache@1.0.4
77 silly idealTree ├── loader-utils@0.2.16
77 silly idealTree ├── lodash@4.17.4
77 silly idealTree ├── longest@1.0.1
77 silly idealTree ├── loose-envify@1.3.1
77 silly idealTree ├── media-typer@0.3.0
77 silly idealTree ├── memory-fs@0.3.0
77 silly idealTree ├── merge-descriptors@1.0.1
77 silly idealTree ├── methods@1.1.2
77 silly idealTree ├── micromatch@2.3.11
77 silly idealTree ├── mime-db@1.26.0
77 silly idealTree ├── mime-types@2.1.14
77 silly idealTree ├── mime@1.3.4
77 silly idealTree ├── minimatch@3.0.3
77 silly idealTree ├── minimist@0.0.8
77 silly idealTree ├── mkdirp@0.5.1
77 silly idealTree ├── ms@0.7.1
77 silly idealTree ├── nan@2.5.0
77 silly idealTree ├── negotiator@0.6.1
77 silly idealTree ├── node-fetch@1.6.3
77 silly idealTree ├── node-libs-browser@0.7.0
77 silly idealTree ├── normalize-path@2.0.1
77 silly idealTree ├── number-is-nan@1.0.1
77 silly idealTree ├── object-assign@4.1.1
77 silly idealTree ├── object.omit@2.0.1
77 silly idealTree ├── on-finished@2.3.0
77 silly idealTree ├── on-headers@1.0.1
77 silly idealTree ├── open@0.0.5
77 silly idealTree ├── optimist@0.6.1
77 silly idealTree ├─┬ original@1.0.0
77 silly idealTree │ └── url-parse@1.0.5
77 silly idealTree ├── os-browserify@0.2.1
77 silly idealTree ├── os-homedir@1.0.2
77 silly idealTree ├── os-tmpdir@1.0.2
77 silly idealTree ├── pako@0.2.9
77 silly idealTree ├── parse-glob@3.0.4
77 silly idealTree ├── parseurl@1.3.1
77 silly idealTree ├── path-browserify@0.0.0
77 silly idealTree ├── path-exists@2.1.0
77 silly idealTree ├── path-is-absolute@1.0.1
77 silly idealTree ├── path-to-regexp@0.1.7
77 silly idealTree ├── pbkdf2-compat@2.0.1
77 silly idealTree ├── pinkie-promise@2.0.1
77 silly idealTree ├── pinkie@2.0.4
77 silly idealTree ├── pkg-dir@1.0.0
77 silly idealTree ├── preserve@0.2.0
77 silly idealTree ├── private@0.1.6
77 silly idealTree ├── process-nextick-args@1.0.7
77 silly idealTree ├── process@0.11.9
77 silly idealTree ├── promise@7.1.1
77 silly idealTree ├── proxy-addr@1.1.3
77 silly idealTree ├── prr@0.0.0
77 silly idealTree ├── punycode@1.4.1
77 silly idealTree ├── qs@6.2.0
77 silly idealTree ├── querystring-es3@0.2.1
77 silly idealTree ├── querystring@0.2.0
77 silly idealTree ├── querystringify@0.0.4
77 silly idealTree ├── randomatic@1.1.6
77 silly idealTree ├── range-parser@1.2.0
77 silly idealTree ├── react-dom@15.4.2
77 silly idealTree ├── react@15.4.2
77 silly idealTree ├── readable-stream@2.2.2
77 silly idealTree ├── readdirp@2.1.0
77 silly idealTree ├── regenerate@1.3.2
77 silly idealTree ├── regenerator-runtime@0.10.1
77 silly idealTree ├── regenerator-transform@0.9.8
77 silly idealTree ├── regex-cache@0.4.3
77 silly idealTree ├── regexpu-core@2.0.0
77 silly idealTree ├── regjsgen@0.2.0
77 silly idealTree ├─┬ regjsparser@0.1.5
77 silly idealTree │ └── jsesc@0.5.0
77 silly idealTree ├── repeat-element@1.1.2
77 silly idealTree ├── repeat-string@1.6.1
77 silly idealTree ├── repeating@2.0.1
77 silly idealTree ├── requires-port@1.0.0
77 silly idealTree ├── right-align@0.1.3
77 silly idealTree ├── ripemd160@0.2.0
77 silly idealTree ├── send@0.14.1
77 silly idealTree ├── serve-index@1.8.0
77 silly idealTree ├── serve-static@1.11.1
77 silly idealTree ├── set-immediate-shim@1.0.1
77 silly idealTree ├── setimmediate@1.0.5
77 silly idealTree ├── setprototypeof@1.0.2
77 silly idealTree ├── sha.js@2.2.6
77 silly idealTree ├── slash@1.0.0
77 silly idealTree ├─┬ sockjs-client@1.1.1
77 silly idealTree │ └── faye-websocket@0.11.0
77 silly idealTree ├── sockjs@0.3.18
77 silly idealTree ├── source-list-map@0.1.8
77 silly idealTree ├── source-map-support@0.4.10
77 silly idealTree ├── source-map@0.5.6
77 silly idealTree ├── statuses@1.3.1
77 silly idealTree ├── stream-browserify@2.0.1
77 silly idealTree ├── stream-cache@0.0.2
77 silly idealTree ├── stream-http@2.6.3
77 silly idealTree ├── string_decoder@0.10.31
77 silly idealTree ├── strip-ansi@3.0.1
77 silly idealTree ├── supports-color@3.2.3
77 silly idealTree ├── tapable@0.1.10
77 silly idealTree ├── timers-browserify@2.0.2
77 silly idealTree ├── to-arraybuffer@1.0.1
77 silly idealTree ├── to-fast-properties@1.0.2
77 silly idealTree ├── tty-browserify@0.0.0
77 silly idealTree ├── type-is@1.6.14
77 silly idealTree ├── ua-parser-js@0.7.12
77 silly idealTree ├─┬ uglify-js@2.7.5
77 silly idealTree │ └── async@0.2.10
77 silly idealTree ├── uglify-to-browserify@1.0.2
77 silly idealTree ├── unpipe@1.0.0
77 silly idealTree ├── url-parse@1.1.7
77 silly idealTree ├─┬ url@0.11.0
77 silly idealTree │ └── punycode@1.3.2
77 silly idealTree ├── util-deprecate@1.0.2
77 silly idealTree ├─┬ util@0.10.3
77 silly idealTree │ └── inherits@2.0.1
77 silly idealTree ├── utils-merge@1.0.0
77 silly idealTree ├── uuid@2.0.3
77 silly idealTree ├── vary@1.1.0
77 silly idealTree ├── vm-browserify@0.0.4
77 silly idealTree ├─┬ watchpack@0.2.9
77 silly idealTree │ └── async@0.9.2
77 silly idealTree ├─┬ webpack-core@0.6.9
77 silly idealTree │ └── source-map@0.4.4
77 silly idealTree ├─┬ webpack-dev-middleware@1.9.0
77 silly idealTree │ └── memory-fs@0.4.1
77 silly idealTree ├── webpack-dev-server@1.16.2
77 silly idealTree ├── webpack@1.14.0
77 silly idealTree ├── websocket-driver@0.6.5
77 silly idealTree ├── websocket-extensions@0.1.1
77 silly idealTree ├── whatwg-fetch@2.0.2
77 silly idealTree ├── window-size@0.1.0
77 silly idealTree ├── wordwrap@0.0.3
77 silly idealTree ├── xtend@4.0.1
77 silly idealTree └── yargs@3.10.0
78 silly generateActionsToTake Starting
79 silly install generateActionsToTake
80 warn checkPermissions Missing write access to /Users/isaacyoon/Desktop/HRprojects/Week 6/docsearch/client/node_modules
81 silly rollbackFailedOptional Starting
82 silly rollbackFailedOptional Finishing
83 silly runTopLevelLifecycles Finishing
84 silly install printInstalled
85 warn client@1.0.0 No description
86 verbose If you need help, you may report this error at:
86 verbose     <https://github.com/npm/npm/issues>
87 warn client@1.0.0 No repository field.
88 verbose If you need help, you may report this error at:
88 verbose     <https://github.com/npm/npm/issues>
89 verbose stack Error: EACCES: permission denied, access '/Users/isaacyoon/Desktop/HRprojects/Week 6/docsearch/client/node_modules'
90 verbose cwd /Users/isaacyoon/Desktop/HRprojects/Week 6/docsearch/client/CSS
91 error Darwin 16.1.0
92 error argv "/usr/local/bin/node" "/usr/local/bin/npm" "install" "jquery"
93 error node v7.4.0
94 error npm  v4.0.5
95 error path /Users/isaacyoon/Desktop/HRprojects/Week 6/docsearch/client/node_modules
96 error code EACCES
97 error errno -13
98 error syscall access
99 error Error: EACCES: permission denied, access '/Users/isaacyoon/Desktop/HRprojects/Week 6/docsearch/client/node_modules'
99 error  { Error: EACCES: permission denied, access '/Users/isaacyoon/Desktop/HRprojects/Week 6/docsearch/client/node_modules'
99 error   errno: -13,
99 error   code: 'EACCES',
99 error   syscall: 'access',
99 error   path: '/Users/isaacyoon/Desktop/HRprojects/Week 6/docsearch/client/node_modules' }
100 error Please try running this command again as root/Administrator.
101 verbose exit [ -13, true ]
